TN:
SF:/Users/x/programs/javascript Projects/multitul/index.js
FNF:0
FNH:0
DA:1,1
DA:2,1
DA:4,1
DA:5,1
LF:4
LH:4
BRF:0
BRH:0
end_of_record
TN:
SF:/Users/x/programs/javascript Projects/multitul/modules/base64ify/index.js
FNF:0
FNH:0
DA:1,3
DA:4,3
LF:2
LH:2
BRF:0
BRH:0
end_of_record
TN:
SF:/Users/x/programs/javascript Projects/multitul/modules/base64ify/string.js
FN:1,encode
FN:6,decode
FNF:2
FNH:2
FNDA:1,encode
FNDA:1,decode
DA:2,1
DA:3,1
DA:7,1
DA:8,1
DA:11,3
DA:12,3
LF:6
LH:6
BRF:0
BRH:0
end_of_record
TN:
SF:/Users/x/programs/javascript Projects/multitul/modules/randomize/arbitrary.js
FN:3,float
FN:7,int
FNF:2
FNH:2
FNDA:25,float
FNDA:24,int
DA:4,25
DA:8,24
DA:11,4
DA:12,4
LF:4
LH:4
BRF:0
BRH:0
end_of_record
TN:
SF:/Users/x/programs/javascript Projects/multitul/modules/randomize/array.js
FN:4,array
FN:12,ram
FN:14,(anonymous_2)
FN:21,cpu
FN:22,(anonymous_4)
FNF:5
FNH:5
FNDA:3,array
FNDA:2,ram
FNDA:15,(anonymous_2)
FNDA:1,cpu
FNDA:4,(anonymous_4)
DA:1,4
DA:5,3
DA:6,1
DA:8,2
DA:13,2
DA:14,2
DA:15,15
DA:16,15
DA:17,15
DA:22,1
DA:23,4
DA:24,4
DA:25,4
DA:26,4
DA:27,4
DA:28,4
DA:30,1
DA:32,4
DA:33,4
DA:34,4
LF:20
LH:20
BRDA:4,0,0,2
BRDA:5,1,0,1
BRDA:5,1,1,2
BRF:3
BRH:3
end_of_record
TN:
SF:/Users/x/programs/javascript Projects/multitul/modules/randomize/index.js
FNF:0
FNH:0
DA:1,4
DA:2,4
DA:3,4
DA:6,4
LF:4
LH:4
BRF:0
BRH:0
end_of_record
TN:
SF:/Users/x/programs/javascript Projects/multitul/modules/randomize/randomString.js
FN:3,(anonymous_0)
FNF:1
FNH:1
FNDA:1,(anonymous_0)
DA:1,4
DA:3,4
DA:4,1
DA:5,1
DA:9,4
LF:5
LH:5
BRF:0
BRH:0
end_of_record
